1611096184314	mozrunner::runner	INFO	Running command: "/usr/bin/firefox" "-marionette" "-foreground" "-no-remote" "-profile" "/tmp/rust_mozprofile.6iW4AIvunAuP"
1611096192906	Marionette	INFO	Listening on port 43911
1611096192965	Marionette	WARN	TLS certificate errors will be ignored for this session
1611096207394	Marionette	INFO	Stopped listening on port 43911
1611096331844	mozrunner::runner	INFO	Running command: "/usr/bin/firefox" "-marionette" "-foreground" "-no-remote" "-profile" "/tmp/rust_mozprofile.5H3xb4oj9YWM"
1611096340406	Marionette	INFO	Listening on port 39617
1611096340485	Marionette	WARN	TLS certificate errors will be ignored for this session
1611096354736	Marionette	INFO	Stopped listening on port 39617
1611096436050	mozrunner::runner	INFO	Running command: "/usr/bin/firefox" "-marionette" "-foreground" "-no-remote" "-profile" "/tmp/rust_mozprofile.m7C3dhFBiUiZ"
1611096444261	Marionette	INFO	Listening on port 34393
1611096444335	Marionette	WARN	TLS certificate errors will be ignored for this session
1611096457347	Marionette	INFO	Stopped listening on port 34393
1611096849140	mozrunner::runner	INFO	Running command: "/usr/bin/firefox" "-marionette" "-foreground" "-no-remote" "-profile" "/tmp/rust_mozprofile.ROgJZBDQLLNr"
1611096857661	Marionette	INFO	Listening on port 38421
1611096857698	Marionette	WARN	TLS certificate errors will be ignored for this session
1611096870679	Marionette	INFO	Stopped listening on port 38421
1611096888590	mozrunner::runner	INFO	Running command: "/usr/bin/firefox" "-marionette" "-foreground" "-no-remote" "-profile" "/tmp/rust_mozprofile.xvVSLCyyevpQ"
1611096897069	Marionette	INFO	Listening on port 40729
1611096897232	Marionette	WARN	TLS certificate errors will be ignored for this session
1611096909884	Marionette	INFO	Stopped listening on port 40729
1611096934255	mozrunner::runner	INFO	Running command: "/usr/bin/firefox" "-marionette" "-foreground" "-no-remote" "-profile" "/tmp/rust_mozprofile.hAQLk3HHODal"
1611096942661	Marionette	INFO	Listening on port 44169
1611096942704	Marionette	WARN	TLS certificate errors will be ignored for this session
1611096955906	Marionette	INFO	Stopped listening on port 44169
1611097649499	mozrunner::runner	INFO	Running command: "/usr/bin/firefox" "-marionette" "-foreground" "-no-remote" "-profile" "/tmp/rust_mozprofile.fvlSftx8hWRx"
1611097657667	Marionette	INFO	Listening on port 38553
1611097657732	Marionette	WARN	TLS certificate errors will be ignored for this session
1611097670706	Marionette	INFO	Stopped listening on port 38553
1611097752317	mozrunner::runner	INFO	Running command: "/usr/bin/firefox" "-marionette" "-foreground" "-no-remote" "-profile" "/tmp/rust_mozprofile.cGv9bweWbNK4"
1611097760434	Marionette	INFO	Listening on port 40053
1611097760463	Marionette	WARN	TLS certificate errors will be ignored for this session
1611097773322	Marionette	INFO	Stopped listening on port 40053
1611154272779	mozrunner::runner	INFO	Running command: "/usr/bin/firefox" "-marionette" "-foreground" "-no-remote" "-profile" "/tmp/rust_mozprofile.k2qdITiJSxXz"
1611154280243	Marionette	INFO	Listening on port 44713
1611154280307	Marionette	WARN	TLS certificate errors will be ignored for this session
1611154295370	Marionette	INFO	Stopped listening on port 44713
1611157389425	mozrunner::runner	INFO	Running command: "/usr/bin/firefox" "-marionette" "-foreground" "-no-remote" "-profile" "/tmp/rust_mozprofile.Lep5iYbYVE6l"
1611157397838	Marionette	INFO	Listening on port 33281
1611157397875	Marionette	WARN	TLS certificate errors will be ignored for this session
1611157402566	Marionette	INFO	Stopped listening on port 33281
1611157898229	mozrunner::runner	INFO	Running command: "/usr/bin/firefox" "-marionette" "-foreground" "-no-remote" "-profile" "/tmp/rust_mozprofile.nCBt7nPAjhrw"
1611157906215	Marionette	INFO	Listening on port 33369
1611157906264	Marionette	WARN	TLS certificate errors will be ignored for this session
JavaScript error: resource://gre/actors/AutoCompleteChild.jsm, line 208: Error: Invalid autocomplete selectedIndex
JavaScript error: resource://gre/actors/AutoCompleteChild.jsm, line 208: Error: Invalid autocomplete selectedIndex
JavaScript error: resource://gre/modules/LoginManagerChild.jsm, line 174: NS_ERROR_XPC_JAVASCRIPT_ERROR_WITH_DETAILS: [JavaScript Error: "Invalid autocomplete selectedIndex" {file: "resource://gre/actors/AutoCompleteChild.jsm" line: 208}]'[JavaScript Error: "Invalid autocomplete selectedIndex" {file: "resource://gre/actors/AutoCompleteChild.jsm" line: 208}]' when calling method: [nsIAutoCompletePopup::selectedIndex]
JavaScript warning: https://cdn.arkoselabs.com/fc/js/b394835b1834a09c6f2eb344c6fd32dd/standard/funcaptcha_api.js, line 2: unreachable code after return statement
JavaScript warning: https://cdn.arkoselabs.com/fc/js/b394835b1834a09c6f2eb344c6fd32dd/standard/funcaptcha_api.js, line 2: unreachable code after return statement
JavaScript warning: https://cdn.arkoselabs.com/fc/js/b394835b1834a09c6f2eb344c6fd32dd/standard/funcaptcha_api.js, line 2: unreachable code after return statement
JavaScript warning: https://cdn.arkoselabs.com/fc/js/b394835b1834a09c6f2eb344c6fd32dd/standard/funcaptcha_api.js, line 2: unreachable code after return statement
JavaScript warning: https://cdn.arkoselabs.com/fc/js/b394835b1834a09c6f2eb344c6fd32dd/standard/funcaptcha_api.js, line 2: unreachable code after return statement
JavaScript warning: https://cdn.arkoselabs.com/fc/js/b394835b1834a09c6f2eb344c6fd32dd/standard/funcaptcha_api.js, line 2: unreachable code after return statement
JavaScript warning: https://cdn.arkoselabs.com/fc/js/b394835b1834a09c6f2eb344c6fd32dd/standard/funcaptcha_api.js, line 2: unreachable code after return statement
IPDL protocol error: Handler returned error code!

###!!! [Parent][DispatchAsyncMessage] Error: PLayerTransaction::Msg_ReleaseLayer Processing error: message was deserialized, but the handler returned false (indicating failure)

IPDL protocol error: Handler returned error code!

###!!! [Parent][DispatchAsyncMessage] Error: PLayerTransaction::Msg_ReleaseLayer Processing error: message was deserialized, but the handler returned false (indicating failure)

1611938966016	Marionette	INFO	Stopped listening on port 33369
1611939033475	mozrunner::runner	INFO	Running command: "/usr/bin/firefox" "-marionette" "-foreground" "-no-remote" "-profile" "/tmp/rust_mozprofile.4IcaZnENmcO7"
1611939041975	Marionette	INFO	Listening on port 45879
1611939042013	Marionette	WARN	TLS certificate errors will be ignored for this session
JavaScript error: resource://gre/modules/URIFixup.jsm, line 281: NS_ERROR_FAILURE: Should pass a non-null uri
1612801697092	Marionette	INFO	Stopped listening on port 45879
1612801732550	mozrunner::runner	INFO	Running command: "/usr/bin/firefox" "-marionette" "-foreground" "-no-remote" "-profile" "/tmp/rust_mozprofile.lff6jPBrCZ2k"
1612801742427	Marionette	INFO	Listening on port 36317
1612801742488	Marionette	WARN	TLS certificate errors will be ignored for this session
JavaScript error: resource://gre/modules/URIFixup.jsm, line 281: NS_ERROR_FAILURE: Should pass a non-null uri
